0 info it worked if it ends with ok
1 verbose cli [ 'C:\\Program Files\\nodejs\\node.exe',
1 verbose cli   'C:\\Program Files\\nodejs\\node_modules\\npm\\bin\\npm-cli.js',
1 verbose cli   'i' ]
2 info using npm@3.10.10
3 info using node@v6.10.0
4 silly loadCurrentTree Starting
5 silly install loadCurrentTree
6 silly install readLocalPackageData
7 silly install normalizeTree
8 silly loadCurrentTree Finishing
9 silly loadIdealTree Starting
10 silly install loadIdealTree
11 silly cloneCurrentTree Starting
12 silly install cloneCurrentTreeToIdealTree
13 silly cloneCurrentTree Finishing
14 silly loadShrinkwrap Starting
15 silly install loadShrinkwrap
16 silly loadShrinkwrap Finishing
17 silly loadAllDepsIntoIdealTree Starting
18 silly install loadAllDepsIntoIdealTree
19 silly fetchNamedPackageData fsevents
20 silly mapToRegistry name fsevents
21 silly mapToRegistry using default registry
22 silly mapToRegistry registry https://registry.npmjs.org/
23 silly mapToRegistry data Result {
23 silly mapToRegistry   raw: 'fsevents',
23 silly mapToRegistry   scope: null,
23 silly mapToRegistry   escapedName: 'fsevents',
23 silly mapToRegistry   name: 'fsevents',
23 silly mapToRegistry   rawSpec: '',
23 silly mapToRegistry   spec: 'latest',
23 silly mapToRegistry   type: 'tag' }
24 silly mapToRegistry uri https://registry.npmjs.org/fsevents
25 verbose request uri https://registry.npmjs.org/fsevents
26 verbose request no auth needed
27 info attempt registry request try #1 at 18:07:38
28 verbose request id 7b447ddd95bbe8ad
29 verbose etag W/"5924f6b0-d606"
30 verbose lastModified Wed, 24 May 2017 02:57:52 GMT
31 http request GET https://registry.npmjs.org/fsevents
32 http 304 https://registry.npmjs.org/fsevents
33 verbose headers { date: 'Tue, 30 May 2017 10:07:20 GMT',
33 verbose headers   via: '1.1 varnish',
33 verbose headers   'cache-control': 'max-age=300',
33 verbose headers   etag: 'W/"5924f6b0-d606"',
33 verbose headers   age: '243',
33 verbose headers   connection: 'keep-alive',
33 verbose headers   'x-served-by': 'cache-itm7425-ITM',
33 verbose headers   'x-cache': 'HIT',
33 verbose headers   'x-cache-hits': '8',
33 verbose headers   'x-timer': 'S1496138840.194385,VS0,VE0',
33 verbose headers   vary: 'Accept-Encoding' }
34 silly get cb [ 304,
34 silly get   { date: 'Tue, 30 May 2017 10:07:20 GMT',
34 silly get     via: '1.1 varnish',
34 silly get     'cache-control': 'max-age=300',
34 silly get     etag: 'W/"5924f6b0-d606"',
34 silly get     age: '243',
34 silly get     connection: 'keep-alive',
34 silly get     'x-served-by': 'cache-itm7425-ITM',
34 silly get     'x-cache': 'HIT',
34 silly get     'x-cache-hits': '8',
34 silly get     'x-timer': 'S1496138840.194385,VS0,VE0',
34 silly get     vary: 'Accept-Encoding' } ]
35 verbose etag https://registry.npmjs.org/fsevents from cache
36 verbose get saving fsevents to C:\Users\chu01\AppData\Roaming\npm-cache\registry.npmjs.org\fsevents\.cache.json
37 verbose correctMkdir C:\Users\chu01\AppData\Roaming\npm-cache correctMkdir not in flight; initializing
38 silly resolveWithNewModule fsevents@1.1.1 checking installable status
39 silly loadAllDepsIntoIdealTree Finishing
40 silly loadIdealTree Finishing
41 silly currentTree HelloReactServer@1.0.0
41 silly currentTree +-- accepts@1.3.3
41 silly currentTree +-- acorn@4.0.13
41 silly currentTree +-- align-text@0.1.4
41 silly currentTree +-- amdefine@1.0.1
41 silly currentTree +-- ansi-html@0.0.7
41 silly currentTree +-- ansi-regex@2.1.1
41 silly currentTree +-- ansi-styles@2.2.1
41 silly currentTree +-- anymatch@1.3.0
41 silly currentTree +-- arr-diff@2.0.0
41 silly currentTree +-- arr-flatten@1.0.3
41 silly currentTree +-- array-flatten@1.1.1
41 silly currentTree +-- array-unique@0.2.1
41 silly currentTree +-- arrify@1.0.1
41 silly currentTree +-- asap@2.0.5
41 silly currentTree +-- assert@1.4.1
41 silly currentTree +-- ast-types@0.9.6
41 silly currentTree +-- async-each@1.0.1
41 silly currentTree +-- async@1.5.2
41 silly currentTree +-- babel-code-frame@6.22.0
41 silly currentTree +-- babel-core@6.24.1
41 silly currentTree | +-- lodash@4.17.4
41 silly currentTree | `-- source-map@0.5.6
41 silly currentTree +-- babel-generator@6.24.1
41 silly currentTree | +-- lodash@4.17.4
41 silly currentTree | `-- source-map@0.5.6
41 silly currentTree +-- babel-helper-bindify-decorators@6.24.1
41 silly currentTree +-- babel-helper-builder-binary-assignment-operator-visitor@6.24.1
41 silly currentTree +-- babel-helper-builder-react-jsx@6.24.1
41 silly currentTree +-- babel-helper-call-delegate@6.24.1
41 silly currentTree +-- babel-helper-define-map@6.24.1
41 silly currentTree | `-- lodash@4.17.4
41 silly currentTree +-- babel-helper-explode-assignable-expression@6.24.1
41 silly currentTree +-- babel-helper-explode-class@6.24.1
41 silly currentTree +-- babel-helper-function-name@6.24.1
41 silly currentTree +-- babel-helper-get-function-arity@6.24.1
41 silly currentTree +-- babel-helper-hoist-variables@6.24.1
41 silly currentTree +-- babel-helper-optimise-call-expression@6.24.1
41 silly currentTree +-- babel-helper-regex@6.24.1
41 silly currentTree | `-- lodash@4.17.4
41 silly currentTree +-- babel-helper-remap-async-to-generator@6.24.1
41 silly currentTree +-- babel-helper-replace-supers@6.24.1
41 silly currentTree +-- babel-helpers@6.24.1
41 silly currentTree +-- babel-loader@6.4.1
41 silly currentTree | `-- object-assign@4.1.1
41 silly currentTree +-- babel-messages@6.23.0
41 silly currentTree +-- babel-plugin-check-es2015-constants@6.22.0
41 silly currentTree +-- babel-plugin-syntax-async-functions@6.13.0
41 silly currentTree +-- babel-plugin-syntax-async-generators@6.13.0
41 silly currentTree +-- babel-plugin-syntax-class-constructor-call@6.18.0
41 silly currentTree +-- babel-plugin-syntax-class-properties@6.13.0
41 silly currentTree +-- babel-plugin-syntax-decorators@6.13.0
41 silly currentTree +-- babel-plugin-syntax-dynamic-import@6.18.0
41 silly currentTree +-- babel-plugin-syntax-exponentiation-operator@6.13.0
41 silly currentTree +-- babel-plugin-syntax-export-extensions@6.13.0
41 silly currentTree +-- babel-plugin-syntax-flow@6.18.0
41 silly currentTree +-- babel-plugin-syntax-jsx@6.18.0
41 silly currentTree +-- babel-plugin-syntax-object-rest-spread@6.13.0
41 silly currentTree +-- babel-plugin-syntax-trailing-function-commas@6.22.0
41 silly currentTree +-- babel-plugin-transform-async-generator-functions@6.24.1
41 silly currentTree +-- babel-plugin-transform-async-to-generator@6.24.1
41 silly currentTree +-- babel-plugin-transform-class-constructor-call@6.24.1
41 silly currentTree +-- babel-plugin-transform-class-properties@6.24.1
41 silly currentTree +-- babel-plugin-transform-decorators@6.24.1
41 silly currentTree +-- babel-plugin-transform-es2015-arrow-functions@6.22.0
41 silly currentTree +-- babel-plugin-transform-es2015-block-scoped-functions@6.22.0
41 silly currentTree +-- babel-plugin-transform-es2015-block-scoping@6.24.1
41 silly currentTree | `-- lodash@4.17.4
41 silly currentTree +-- babel-plugin-transform-es2015-classes@6.24.1
41 silly currentTree +-- babel-plugin-transform-es2015-computed-properties@6.24.1
41 silly currentTree +-- babel-plugin-transform-es2015-destructuring@6.23.0
41 silly currentTree +-- babel-plugin-transform-es2015-duplicate-keys@6.24.1
41 silly currentTree +-- babel-plugin-transform-es2015-for-of@6.23.0
41 silly currentTree +-- babel-plugin-transform-es2015-function-name@6.24.1
41 silly currentTree +-- babel-plugin-transform-es2015-literals@6.22.0
41 silly currentTree +-- babel-plugin-transform-es2015-modules-amd@6.24.1
41 silly currentTree +-- babel-plugin-transform-es2015-modules-commonjs@6.24.1
41 silly currentTree +-- babel-plugin-transform-es2015-modules-systemjs@6.24.1
41 silly currentTree +-- babel-plugin-transform-es2015-modules-umd@6.24.1
41 silly currentTree +-- babel-plugin-transform-es2015-object-super@6.24.1
41 silly currentTree +-- babel-plugin-transform-es2015-parameters@6.24.1
41 silly currentTree +-- babel-plugin-transform-es2015-shorthand-properties@6.24.1
41 silly currentTree +-- babel-plugin-transform-es2015-spread@6.22.0
41 silly currentTree +-- babel-plugin-transform-es2015-sticky-regex@6.24.1
41 silly currentTree +-- babel-plugin-transform-es2015-template-literals@6.22.0
41 silly currentTree +-- babel-plugin-transform-es2015-typeof-symbol@6.23.0
41 silly currentTree +-- babel-plugin-transform-es2015-unicode-regex@6.24.1
41 silly currentTree +-- babel-plugin-transform-exponentiation-operator@6.24.1
41 silly currentTree +-- babel-plugin-transform-export-extensions@6.22.0
41 silly currentTree +-- babel-plugin-transform-flow-strip-types@6.22.0
41 silly currentTree +-- babel-plugin-transform-object-rest-spread@6.23.0
41 silly currentTree +-- babel-plugin-transform-react-display-name@6.23.0
41 silly currentTree +-- babel-plugin-transform-react-jsx-self@6.22.0
41 silly currentTree +-- babel-plugin-transform-react-jsx-source@6.22.0
41 silly currentTree +-- babel-plugin-transform-react-jsx@6.24.1
41 silly currentTree +-- babel-plugin-transform-regenerator@6.24.1
41 silly currentTree +-- babel-plugin-transform-strict-mode@6.24.1
41 silly currentTree +-- babel-preset-es2015@6.24.1
41 silly currentTree +-- babel-preset-flow@6.23.0
41 silly currentTree +-- babel-preset-react@6.24.1
41 silly currentTree +-- babel-preset-stage-1@6.24.1
41 silly currentTree +-- babel-preset-stage-2@6.24.1
41 silly currentTree +-- babel-preset-stage-3@6.24.1
41 silly currentTree +-- babel-register@6.24.1
41 silly currentTree | `-- lodash@4.17.4
41 silly currentTree +-- babel-runtime@6.23.0
41 silly currentTree +-- babel-template@6.24.1
41 silly currentTree | `-- lodash@4.17.4
41 silly currentTree +-- babel-traverse@6.24.1
41 silly currentTree | `-- lodash@4.17.4
41 silly currentTree +-- babel-types@6.24.1
41 silly currentTree | `-- lodash@4.17.4
41 silly currentTree +-- babylon@6.17.1
41 silly currentTree +-- balanced-match@0.4.2
41 silly currentTree +-- base62@1.2.0
41 silly currentTree +-- base64-js@1.2.0
41 silly currentTree +-- batch@0.6.1
41 silly currentTree +-- big.js@3.1.3
41 silly currentTree +-- binary-extensions@1.8.0
41 silly currentTree +-- brace-expansion@1.1.7
41 silly currentTree +-- braces@1.8.5
41 silly currentTree +-- browserify-aes@0.4.0
41 silly currentTree +-- browserify-zlib@0.1.4
41 silly currentTree +-- buffer-shims@1.0.0
41 silly currentTree +-- buffer@4.9.1
41 silly currentTree +-- builtin-status-codes@3.0.0
41 silly currentTree +-- bytes@2.3.0
41 silly currentTree +-- camelcase@1.2.1
41 silly currentTree +-- center-align@0.1.3
41 silly currentTree +-- chalk@1.1.3
41 silly currentTree +-- chokidar@1.7.0
41 silly currentTree +-- cliui@2.1.0
41 silly currentTree | `-- wordwrap@0.0.2
41 silly currentTree +-- clone@1.0.2
41 silly currentTree +-- commander@2.9.0
41 silly currentTree +-- commondir@1.0.1
41 silly currentTree +-- commoner@0.10.8
41 silly currentTree +-- compressible@2.0.10
41 silly currentTree +-- compression@1.6.2
41 silly currentTree | +-- debug@2.2.0
41 silly currentTree | `-- ms@0.7.1
41 silly currentTree +-- concat-map@0.0.1
41 silly currentTree +-- connect-history-api-fallback@1.3.0
41 silly currentTree +-- console-browserify@1.1.0
41 silly currentTree +-- constants-browserify@1.0.0
41 silly currentTree +-- content-disposition@0.5.2
41 silly currentTree +-- content-type@1.0.2
41 silly currentTree +-- convert-source-map@1.5.0
41 silly currentTree +-- cookie-signature@1.0.6
41 silly currentTree +-- cookie@0.3.1
41 silly currentTree +-- core-js@2.4.1
41 silly currentTree +-- core-util-is@1.0.2
41 silly currentTree +-- create-react-class@15.5.3
41 silly currentTree | +-- core-js@1.2.7
41 silly currentTree | +-- fbjs@0.8.12
41 silly currentTree | `-- object-assign@4.1.1
41 silly currentTree +-- crypto-browserify@3.3.0
41 silly currentTree +-- date-now@0.1.4
41 silly currentTree +-- debug@2.6.8
41 silly currentTree +-- decamelize@1.2.0
41 silly currentTree +-- defined@1.0.0
41 silly currentTree +-- depd@1.1.0
41 silly currentTree +-- destroy@1.0.4
41 silly currentTree +-- detect-indent@4.0.0
41 silly currentTree +-- detective@4.5.0
41 silly currentTree +-- domain-browser@1.1.7
41 silly currentTree +-- ee-first@1.1.1
41 silly currentTree +-- emojis-list@2.1.0
41 silly currentTree +-- encodeurl@1.0.1
41 silly currentTree +-- encoding@0.1.12
41 silly currentTree +-- enhanced-resolve@0.9.1
41 silly currentTree | `-- memory-fs@0.2.0
41 silly currentTree +-- envify@3.4.1
41 silly currentTree +-- errno@0.1.4
41 silly currentTree +-- escape-html@1.0.3
41 silly currentTree +-- escape-string-regexp@1.0.5
41 silly currentTree +-- esprima-fb@15001.1.0-dev-harmony-fb
41 silly currentTree +-- esutils@2.0.2
41 silly currentTree +-- etag@1.8.0
41 silly currentTree +-- eventemitter3@1.2.0
41 silly currentTree +-- events@1.1.1
41 silly currentTree +-- eventsource@0.1.6
41 silly currentTree +-- expand-brackets@0.1.5
41 silly currentTree +-- expand-range@1.8.2
41 silly currentTree +-- express@4.15.3
41 silly currentTree | `-- debug@2.6.7
41 silly currentTree +-- extglob@0.3.2
41 silly currentTree +-- faye-websocket@0.10.0
41 silly currentTree +-- fbjs@0.6.1
41 silly currentTree | `-- core-js@1.2.7
41 silly currentTree +-- filename-regex@2.0.1
41 silly currentTree +-- fill-range@2.2.3
41 silly currentTree +-- finalhandler@1.0.3
41 silly currentTree | `-- debug@2.6.7
41 silly currentTree +-- find-cache-dir@0.1.1
41 silly currentTree +-- find-up@1.1.2
41 silly currentTree +-- for-in@1.0.2
41 silly currentTree +-- for-own@0.1.5
41 silly currentTree +-- forwarded@0.1.0
41 silly currentTree +-- fresh@0.5.0
41 silly currentTree +-- glob-base@0.3.0
41 silly currentTree +-- glob-parent@2.0.0
41 silly currentTree +-- glob@5.0.15
41 silly currentTree +-- globals@9.17.0
41 silly currentTree +-- graceful-fs@4.1.11
41 silly currentTree +-- graceful-readlink@1.0.1
41 silly currentTree +-- has-ansi@2.0.0
41 silly currentTree +-- has-flag@1.0.0
41 silly currentTree +-- hoist-non-react-statics@1.2.0
41 silly currentTree +-- home-or-tmp@2.0.0
41 silly currentTree +-- html-entities@1.2.1
41 silly currentTree +-- http-errors@1.6.1
41 silly currentTree +-- http-proxy-middleware@0.17.4
41 silly currentTree | +-- is-extglob@2.1.1
41 silly currentTree | +-- is-glob@3.1.0
41 silly currentTree | `-- lodash@4.17.4
41 silly currentTree +-- http-proxy@1.16.2
41 silly currentTree +-- https-browserify@0.0.1
41 silly currentTree +-- iconv-lite@0.4.17
41 silly currentTree +-- ieee754@1.1.8
41 silly currentTree +-- indexof@0.0.1
41 silly currentTree +-- inflight@1.0.6
41 silly currentTree +-- inherits@2.0.3
41 silly currentTree +-- interpret@0.6.6
41 silly currentTree +-- invariant@2.2.2
41 silly currentTree +-- ipaddr.js@1.3.0
41 silly currentTree +-- is-binary-path@1.0.1
41 silly currentTree +-- is-buffer@1.1.5
41 silly currentTree +-- is-dotfile@1.0.2
41 silly currentTree +-- is-equal-shallow@0.1.3
41 silly currentTree +-- is-extendable@0.1.1
41 silly currentTree +-- is-extglob@1.0.0
41 silly currentTree +-- is-finite@1.0.2
41 silly currentTree +-- is-glob@2.0.1
41 silly currentTree +-- is-number@2.1.0
41 silly currentTree +-- is-posix-bracket@0.1.1
41 silly currentTree +-- is-primitive@2.0.0
41 silly currentTree +-- is-stream@1.1.0
41 silly currentTree +-- isarray@1.0.0
41 silly currentTree +-- isobject@2.1.0
41 silly currentTree +-- isomorphic-fetch@2.2.1
41 silly currentTree | `-- whatwg-fetch@2.0.3
41 silly currentTree +-- js-tokens@3.0.1
41 silly currentTree +-- jsesc@1.3.0
41 silly currentTree +-- json3@3.3.2
41 silly currentTree +-- json5@0.5.1
41 silly currentTree +-- jstransform@11.0.3
41 silly currentTree +-- kind-of@3.2.2
41 silly currentTree +-- lazy-cache@1.0.4
41 silly currentTree +-- loader-utils@0.2.17
41 silly currentTree | `-- object-assign@4.1.1
41 silly currentTree +-- lodash-es@4.17.4
41 silly currentTree +-- lodash@3.10.1
41 silly currentTree +-- longest@1.0.1
41 silly currentTree +-- loose-envify@1.3.1
41 silly currentTree +-- media-typer@0.3.0
41 silly currentTree +-- memory-fs@0.3.0
41 silly currentTree +-- merge-descriptors@1.0.1
41 silly currentTree +-- methods@1.1.2
41 silly currentTree +-- micromatch@2.3.11
41 silly currentTree +-- mime-db@1.27.0
41 silly currentTree +-- mime-types@2.1.15
41 silly currentTree +-- mime@1.3.4
41 silly currentTree +-- minimatch@3.0.4
41 silly currentTree +-- minimist@0.0.8
41 silly currentTree +-- mkdirp@0.5.1
41 silly currentTree +-- ms@2.0.0
41 silly currentTree +-- negotiator@0.6.1
41 silly currentTree +-- node-fetch@1.7.0
41 silly currentTree +-- node-libs-browser@0.7.0
41 silly currentTree | `-- string_decoder@0.10.31
41 silly currentTree +-- normalize-path@2.1.1
41 silly currentTree +-- number-is-nan@1.0.1
41 silly currentTree +-- object-assign@2.1.1
41 silly currentTree +-- object.omit@2.0.1
41 silly currentTree +-- on-finished@2.3.0
41 silly currentTree +-- on-headers@1.0.1
41 silly currentTree +-- once@1.4.0
41 silly currentTree +-- open@0.0.5
41 silly currentTree +-- optimist@0.6.1
41 silly currentTree +-- original@1.0.0
41 silly currentTree | `-- url-parse@1.0.5
41 silly currentTree +-- os-browserify@0.2.1
41 silly currentTree +-- os-homedir@1.0.2
41 silly currentTree +-- os-tmpdir@1.0.2
41 silly currentTree +-- pako@0.2.9
41 silly currentTree +-- parse-glob@3.0.4
41 silly currentTree +-- parseurl@1.3.1
41 silly currentTree +-- path-browserify@0.0.0
41 silly currentTree +-- path-exists@2.1.0
41 silly currentTree +-- path-is-absolute@1.0.1
41 silly currentTree +-- path-to-regexp@0.1.7
41 silly currentTree +-- pbkdf2-compat@2.0.1
41 silly currentTree +-- pinkie-promise@2.0.1
41 silly currentTree +-- pinkie@2.0.4
41 silly currentTree +-- pkg-dir@1.0.0
41 silly currentTree +-- preserve@0.2.0
41 silly currentTree +-- private@0.1.7
41 silly currentTree +-- process-nextick-args@1.0.7
41 silly currentTree +-- process@0.11.10
41 silly currentTree +-- promise@7.1.1
41 silly currentTree +-- prop-types@15.5.10
41 silly currentTree | +-- core-js@1.2.7
41 silly currentTree | +-- fbjs@0.8.12
41 silly currentTree | `-- object-assign@4.1.1
41 silly currentTree +-- proxy-addr@1.1.4
41 silly currentTree +-- prr@0.0.0
41 silly currentTree +-- punycode@1.4.1
41 silly currentTree +-- q@1.5.0
41 silly currentTree +-- qs@6.4.0
41 silly currentTree +-- querystring-es3@0.2.1
41 silly currentTree +-- querystring@0.2.0
41 silly currentTree +-- querystringify@0.0.4
41 silly currentTree +-- randomatic@1.1.6
41 silly currentTree +-- range-parser@1.2.0
41 silly currentTree +-- react-dom@0.14.9
41 silly currentTree +-- react-redux@4.4.8
41 silly currentTree | `-- lodash@4.17.4
41 silly currentTree +-- react@0.14.9
41 silly currentTree +-- readable-stream@2.2.9
41 silly currentTree +-- readdirp@2.1.0
41 silly currentTree +-- recast@0.11.23
41 silly currentTree | +-- esprima@3.1.3
41 silly currentTree | `-- source-map@0.5.6
41 silly currentTree +-- redux@3.6.0
41 silly currentTree | `-- lodash@4.17.4
41 silly currentTree +-- regenerate@1.3.2
41 silly currentTree +-- regenerator-runtime@0.10.5
41 silly currentTree +-- regenerator-transform@0.9.11
41 silly currentTree +-- regex-cache@0.4.3
41 silly currentTree +-- regexpu-core@2.0.0
41 silly currentTree +-- regjsgen@0.2.0
41 silly currentTree +-- regjsparser@0.1.5
41 silly currentTree | `-- jsesc@0.5.0
41 silly currentTree +-- remove-trailing-separator@1.0.1
41 silly currentTree +-- repeat-element@1.1.2
41 silly currentTree +-- repeat-string@1.6.1
41 silly currentTree +-- repeating@2.0.1
41 silly currentTree +-- requires-port@1.0.0
41 silly currentTree +-- right-align@0.1.3
41 silly currentTree +-- ripemd160@0.2.0
41 silly currentTree +-- safe-buffer@5.0.1
41 silly currentTree +-- send@0.15.3
41 silly currentTree | `-- debug@2.6.7
41 silly currentTree +-- serve-index@1.9.0
41 silly currentTree +-- serve-static@1.12.3
41 silly currentTree +-- set-immediate-shim@1.0.1
41 silly currentTree +-- setimmediate@1.0.5
41 silly currentTree +-- setprototypeof@1.0.3
41 silly currentTree +-- sha.js@2.2.6
41 silly currentTree +-- slash@1.0.0
41 silly currentTree +-- sockjs-client@1.1.4
41 silly currentTree | `-- faye-websocket@0.11.1
41 silly currentTree +-- sockjs@0.3.18
41 silly currentTree +-- source-list-map@0.1.8
41 silly currentTree +-- source-map-support@0.4.15
41 silly currentTree | `-- source-map@0.5.6
41 silly currentTree +-- source-map@0.4.4
41 silly currentTree +-- statuses@1.3.1
41 silly currentTree +-- stream-browserify@2.0.1
41 silly currentTree +-- stream-cache@0.0.2
41 silly currentTree +-- stream-http@2.7.1
41 silly currentTree +-- string_decoder@1.0.1
41 silly currentTree +-- strip-ansi@3.0.1
41 silly currentTree +-- supports-color@2.0.0
41 silly currentTree +-- symbol-observable@1.0.4
41 silly currentTree +-- tapable@0.1.10
41 silly currentTree +-- through@2.3.8
41 silly currentTree +-- timers-browserify@2.0.2
41 silly currentTree +-- to-arraybuffer@1.0.1
41 silly currentTree +-- to-fast-properties@1.0.3
41 silly currentTree +-- trim-right@1.0.1
41 silly currentTree +-- tty-browserify@0.0.0
41 silly currentTree +-- type-is@1.6.15
41 silly currentTree +-- ua-parser-js@0.7.12
41 silly currentTree +-- uglify-js@2.7.5
41 silly currentTree | +-- async@0.2.10
41 silly currentTree | `-- source-map@0.5.6
41 silly currentTree +-- uglify-to-browserify@1.0.2
41 silly currentTree +-- unpipe@1.0.0
41 silly currentTree +-- url-parse@1.1.9
41 silly currentTree | `-- querystringify@1.0.0
41 silly currentTree +-- url@0.11.0
41 silly currentTree | `-- punycode@1.3.2
41 silly currentTree +-- util-deprecate@1.0.2
41 silly currentTree +-- util@0.10.3
41 silly currentTree | `-- inherits@2.0.1
41 silly currentTree +-- utils-merge@1.0.0
41 silly currentTree +-- uuid@2.0.3
41 silly currentTree +-- vary@1.1.1
41 silly currentTree +-- vm-browserify@0.0.4
41 silly currentTree +-- watchpack@0.2.9
41 silly currentTree | `-- async@0.9.2
41 silly currentTree +-- webpack-core@0.6.9
41 silly currentTree +-- webpack-dev-middleware@1.10.2
41 silly currentTree | `-- memory-fs@0.4.1
41 silly currentTree +-- webpack-dev-server@1.16.5
41 silly currentTree | `-- supports-color@3.2.3
41 silly currentTree +-- webpack-hot-middleware@2.18.0
41 silly currentTree +-- webpack@1.15.0
41 silly currentTree | +-- acorn@3.3.0
41 silly currentTree | `-- supports-color@3.2.3
41 silly currentTree +-- websocket-driver@0.6.5
41 silly currentTree +-- websocket-extensions@0.1.1
41 silly currentTree +-- whatwg-fetch@0.9.0
41 silly currentTree +-- window-size@0.1.0
41 silly currentTree +-- wordwrap@0.0.3
41 silly currentTree +-- wrappy@1.0.2
41 silly currentTree +-- xtend@4.0.1
41 silly currentTree `-- yargs@3.10.0
42 silly idealTree HelloReactServer@1.0.0
42 silly idealTree +-- accepts@1.3.3
42 silly idealTree +-- acorn@4.0.13
42 silly idealTree +-- align-text@0.1.4
42 silly idealTree +-- amdefine@1.0.1
42 silly idealTree +-- ansi-html@0.0.7
42 silly idealTree +-- ansi-regex@2.1.1
42 silly idealTree +-- ansi-styles@2.2.1
42 silly idealTree +-- anymatch@1.3.0
42 silly idealTree +-- arr-diff@2.0.0
42 silly idealTree +-- arr-flatten@1.0.3
42 silly idealTree +-- array-flatten@1.1.1
42 silly idealTree +-- array-unique@0.2.1
42 silly idealTree +-- arrify@1.0.1
42 silly idealTree +-- asap@2.0.5
42 silly idealTree +-- assert@1.4.1
42 silly idealTree +-- ast-types@0.9.6
42 silly idealTree +-- async-each@1.0.1
42 silly idealTree +-- async@1.5.2
42 silly idealTree +-- babel-code-frame@6.22.0
42 silly idealTree +-- babel-core@6.24.1
42 silly idealTree | +-- lodash@4.17.4
42 silly idealTree | `-- source-map@0.5.6
42 silly idealTree +-- babel-generator@6.24.1
42 silly idealTree | +-- lodash@4.17.4
42 silly idealTree | `-- source-map@0.5.6
42 silly idealTree +-- babel-helper-bindify-decorators@6.24.1
42 silly idealTree +-- babel-helper-builder-binary-assignment-operator-visitor@6.24.1
42 silly idealTree +-- babel-helper-builder-react-jsx@6.24.1
42 silly idealTree +-- babel-helper-call-delegate@6.24.1
42 silly idealTree +-- babel-helper-define-map@6.24.1
42 silly idealTree | `-- lodash@4.17.4
42 silly idealTree +-- babel-helper-explode-assignable-expression@6.24.1
42 silly idealTree +-- babel-helper-explode-class@6.24.1
42 silly idealTree +-- babel-helper-function-name@6.24.1
42 silly idealTree +-- babel-helper-get-function-arity@6.24.1
42 silly idealTree +-- babel-helper-hoist-variables@6.24.1
42 silly idealTree +-- babel-helper-optimise-call-expression@6.24.1
42 silly idealTree +-- babel-helper-regex@6.24.1
42 silly idealTree | `-- lodash@4.17.4
42 silly idealTree +-- babel-helper-remap-async-to-generator@6.24.1
42 silly idealTree +-- babel-helper-replace-supers@6.24.1
42 silly idealTree +-- babel-helpers@6.24.1
42 silly idealTree +-- babel-loader@6.4.1
42 silly idealTree | `-- object-assign@4.1.1
42 silly idealTree +-- babel-messages@6.23.0
42 silly idealTree +-- babel-plugin-check-es2015-constants@6.22.0
42 silly idealTree +-- babel-plugin-syntax-async-functions@6.13.0
42 silly idealTree +-- babel-plugin-syntax-async-generators@6.13.0
42 silly idealTree +-- babel-plugin-syntax-class-constructor-call@6.18.0
42 silly idealTree +-- babel-plugin-syntax-class-properties@6.13.0
42 silly idealTree +-- babel-plugin-syntax-decorators@6.13.0
42 silly idealTree +-- babel-plugin-syntax-dynamic-import@6.18.0
42 silly idealTree +-- babel-plugin-syntax-exponentiation-operator@6.13.0
42 silly idealTree +-- babel-plugin-syntax-export-extensions@6.13.0
42 silly idealTree +-- babel-plugin-syntax-flow@6.18.0
42 silly idealTree +-- babel-plugin-syntax-jsx@6.18.0
42 silly idealTree +-- babel-plugin-syntax-object-rest-spread@6.13.0
42 silly idealTree +-- babel-plugin-syntax-trailing-function-commas@6.22.0
42 silly idealTree +-- babel-plugin-transform-async-generator-functions@6.24.1
42 silly idealTree +-- babel-plugin-transform-async-to-generator@6.24.1
42 silly idealTree +-- babel-plugin-transform-class-constructor-call@6.24.1
42 silly idealTree +-- babel-plugin-transform-class-properties@6.24.1
42 silly idealTree +-- babel-plugin-transform-decorators@6.24.1
42 silly idealTree +-- babel-plugin-transform-es2015-arrow-functions@6.22.0
42 silly idealTree +-- babel-plugin-transform-es2015-block-scoped-functions@6.22.0
42 silly idealTree +-- babel-plugin-transform-es2015-block-scoping@6.24.1
42 silly idealTree | `-- lodash@4.17.4
42 silly idealTree +-- babel-plugin-transform-es2015-classes@6.24.1
42 silly idealTree +-- babel-plugin-transform-es2015-computed-properties@6.24.1
42 silly idealTree +-- babel-plugin-transform-es2015-destructuring@6.23.0
42 silly idealTree +-- babel-plugin-transform-es2015-duplicate-keys@6.24.1
42 silly idealTree +-- babel-plugin-transform-es2015-for-of@6.23.0
42 silly idealTree +-- babel-plugin-transform-es2015-function-name@6.24.1
42 silly idealTree +-- babel-plugin-transform-es2015-literals@6.22.0
42 silly idealTree +-- babel-plugin-transform-es2015-modules-amd@6.24.1
42 silly idealTree +-- babel-plugin-transform-es2015-modules-commonjs@6.24.1
42 silly idealTree +-- babel-plugin-transform-es2015-modules-systemjs@6.24.1
42 silly idealTree +-- babel-plugin-transform-es2015-modules-umd@6.24.1
42 silly idealTree +-- babel-plugin-transform-es2015-object-super@6.24.1
42 silly idealTree +-- babel-plugin-transform-es2015-parameters@6.24.1
42 silly idealTree +-- babel-plugin-transform-es2015-shorthand-properties@6.24.1
42 silly idealTree +-- babel-plugin-transform-es2015-spread@6.22.0
42 silly idealTree +-- babel-plugin-transform-es2015-sticky-regex@6.24.1
42 silly idealTree +-- babel-plugin-transform-es2015-template-literals@6.22.0
42 silly idealTree +-- babel-plugin-transform-es2015-typeof-symbol@6.23.0
42 silly idealTree +-- babel-plugin-transform-es2015-unicode-regex@6.24.1
42 silly idealTree +-- babel-plugin-transform-exponentiation-operator@6.24.1
42 silly idealTree +-- babel-plugin-transform-export-extensions@6.22.0
42 silly idealTree +-- babel-plugin-transform-flow-strip-types@6.22.0
42 silly idealTree +-- babel-plugin-transform-object-rest-spread@6.23.0
42 silly idealTree +-- babel-plugin-transform-react-display-name@6.23.0
42 silly idealTree +-- babel-plugin-transform-react-jsx-self@6.22.0
42 silly idealTree +-- babel-plugin-transform-react-jsx-source@6.22.0
42 silly idealTree +-- babel-plugin-transform-react-jsx@6.24.1
42 silly idealTree +-- babel-plugin-transform-regenerator@6.24.1
42 silly idealTree +-- babel-plugin-transform-strict-mode@6.24.1
42 silly idealTree +-- babel-preset-es2015@6.24.1
42 silly idealTree +-- babel-preset-flow@6.23.0
42 silly idealTree +-- babel-preset-react@6.24.1
42 silly idealTree +-- babel-preset-stage-1@6.24.1
42 silly idealTree +-- babel-preset-stage-2@6.24.1
42 silly idealTree +-- babel-preset-stage-3@6.24.1
42 silly idealTree +-- babel-register@6.24.1
42 silly idealTree | `-- lodash@4.17.4
42 silly idealTree +-- babel-runtime@6.23.0
42 silly idealTree +-- babel-template@6.24.1
42 silly idealTree | `-- lodash@4.17.4
42 silly idealTree +-- babel-traverse@6.24.1
42 silly idealTree | `-- lodash@4.17.4
42 silly idealTree +-- babel-types@6.24.1
42 silly idealTree | `-- lodash@4.17.4
42 silly idealTree +-- babylon@6.17.1
42 silly idealTree +-- balanced-match@0.4.2
42 silly idealTree +-- base62@1.2.0
42 silly idealTree +-- base64-js@1.2.0
42 silly idealTree +-- batch@0.6.1
42 silly idealTree +-- big.js@3.1.3
42 silly idealTree +-- binary-extensions@1.8.0
42 silly idealTree +-- brace-expansion@1.1.7
42 silly idealTree +-- braces@1.8.5
42 silly idealTree +-- browserify-aes@0.4.0
42 silly idealTree +-- browserify-zlib@0.1.4
42 silly idealTree +-- buffer-shims@1.0.0
42 silly idealTree +-- buffer@4.9.1
42 silly idealTree +-- builtin-status-codes@3.0.0
42 silly idealTree +-- bytes@2.3.0
42 silly idealTree +-- camelcase@1.2.1
42 silly idealTree +-- center-align@0.1.3
42 silly idealTree +-- chalk@1.1.3
42 silly idealTree +-- chokidar@1.7.0
42 silly idealTree +-- cliui@2.1.0
42 silly idealTree | `-- wordwrap@0.0.2
42 silly idealTree +-- clone@1.0.2
42 silly idealTree +-- commander@2.9.0
42 silly idealTree +-- commondir@1.0.1
42 silly idealTree +-- commoner@0.10.8
42 silly idealTree +-- compressible@2.0.10
42 silly idealTree +-- compression@1.6.2
42 silly idealTree | +-- debug@2.2.0
42 silly idealTree | `-- ms@0.7.1
42 silly idealTree +-- concat-map@0.0.1
42 silly idealTree +-- connect-history-api-fallback@1.3.0
42 silly idealTree +-- console-browserify@1.1.0
42 silly idealTree +-- constants-browserify@1.0.0
42 silly idealTree +-- content-disposition@0.5.2
42 silly idealTree +-- content-type@1.0.2
42 silly idealTree +-- convert-source-map@1.5.0
42 silly idealTree +-- cookie-signature@1.0.6
42 silly idealTree +-- cookie@0.3.1
42 silly idealTree +-- core-js@2.4.1
42 silly idealTree +-- core-util-is@1.0.2
42 silly idealTree +-- create-react-class@15.5.3
42 silly idealTree | +-- core-js@1.2.7
42 silly idealTree | +-- fbjs@0.8.12
42 silly idealTree | `-- object-assign@4.1.1
42 silly idealTree +-- crypto-browserify@3.3.0
42 silly idealTree +-- date-now@0.1.4
42 silly idealTree +-- debug@2.6.8
42 silly idealTree +-- decamelize@1.2.0
42 silly idealTree +-- defined@1.0.0
42 silly idealTree +-- depd@1.1.0
42 silly idealTree +-- destroy@1.0.4
42 silly idealTree +-- detect-indent@4.0.0
42 silly idealTree +-- detective@4.5.0
42 silly idealTree +-- domain-browser@1.1.7
42 silly idealTree +-- ee-first@1.1.1
42 silly idealTree +-- emojis-list@2.1.0
42 silly idealTree +-- encodeurl@1.0.1
42 silly idealTree +-- encoding@0.1.12
42 silly idealTree +-- enhanced-resolve@0.9.1
42 silly idealTree | `-- memory-fs@0.2.0
42 silly idealTree +-- envify@3.4.1
42 silly idealTree +-- errno@0.1.4
42 silly idealTree +-- escape-html@1.0.3
42 silly idealTree +-- escape-string-regexp@1.0.5
42 silly idealTree +-- esprima-fb@15001.1.0-dev-harmony-fb
42 silly idealTree +-- esutils@2.0.2
42 silly idealTree +-- etag@1.8.0
42 silly idealTree +-- eventemitter3@1.2.0
42 silly idealTree +-- events@1.1.1
42 silly idealTree +-- eventsource@0.1.6
42 silly idealTree +-- expand-brackets@0.1.5
42 silly idealTree +-- expand-range@1.8.2
42 silly idealTree +-- express@4.15.3
42 silly idealTree | `-- debug@2.6.7
42 silly idealTree +-- extglob@0.3.2
42 silly idealTree +-- faye-websocket@0.10.0
42 silly idealTree +-- fbjs@0.6.1
42 silly idealTree | `-- core-js@1.2.7
42 silly idealTree +-- filename-regex@2.0.1
42 silly idealTree +-- fill-range@2.2.3
42 silly idealTree +-- finalhandler@1.0.3
42 silly idealTree | `-- debug@2.6.7
42 silly idealTree +-- find-cache-dir@0.1.1
42 silly idealTree +-- find-up@1.1.2
42 silly idealTree +-- for-in@1.0.2
42 silly idealTree +-- for-own@0.1.5
42 silly idealTree +-- forwarded@0.1.0
42 silly idealTree +-- fresh@0.5.0
42 silly idealTree +-- glob-base@0.3.0
42 silly idealTree +-- glob-parent@2.0.0
42 silly idealTree +-- glob@5.0.15
42 silly idealTree +-- globals@9.17.0
42 silly idealTree +-- graceful-fs@4.1.11
42 silly idealTree +-- graceful-readlink@1.0.1
42 silly idealTree +-- has-ansi@2.0.0
42 silly idealTree +-- has-flag@1.0.0
42 silly idealTree +-- hoist-non-react-statics@1.2.0
42 silly idealTree +-- home-or-tmp@2.0.0
42 silly idealTree +-- html-entities@1.2.1
42 silly idealTree +-- http-errors@1.6.1
42 silly idealTree +-- http-proxy-middleware@0.17.4
42 silly idealTree | +-- is-extglob@2.1.1
42 silly idealTree | +-- is-glob@3.1.0
42 silly idealTree | `-- lodash@4.17.4
42 silly idealTree +-- http-proxy@1.16.2
42 silly idealTree +-- https-browserify@0.0.1
42 silly idealTree +-- iconv-lite@0.4.17
42 silly idealTree +-- ieee754@1.1.8
42 silly idealTree +-- indexof@0.0.1
42 silly idealTree +-- inflight@1.0.6
42 silly idealTree +-- inherits@2.0.3
42 silly idealTree +-- interpret@0.6.6
42 silly idealTree +-- invariant@2.2.2
42 silly idealTree +-- ipaddr.js@1.3.0
42 silly idealTree +-- is-binary-path@1.0.1
42 silly idealTree +-- is-buffer@1.1.5
42 silly idealTree +-- is-dotfile@1.0.2
42 silly idealTree +-- is-equal-shallow@0.1.3
42 silly idealTree +-- is-extendable@0.1.1
42 silly idealTree +-- is-extglob@1.0.0
42 silly idealTree +-- is-finite@1.0.2
42 silly idealTree +-- is-glob@2.0.1
42 silly idealTree +-- is-number@2.1.0
42 silly idealTree +-- is-posix-bracket@0.1.1
42 silly idealTree +-- is-primitive@2.0.0
42 silly idealTree +-- is-stream@1.1.0
42 silly idealTree +-- isarray@1.0.0
42 silly idealTree +-- isobject@2.1.0
42 silly idealTree +-- isomorphic-fetch@2.2.1
42 silly idealTree | `-- whatwg-fetch@2.0.3
42 silly idealTree +-- js-tokens@3.0.1
42 silly idealTree +-- jsesc@1.3.0
42 silly idealTree +-- json3@3.3.2
42 silly idealTree +-- json5@0.5.1
42 silly idealTree +-- jstransform@11.0.3
42 silly idealTree +-- kind-of@3.2.2
42 silly idealTree +-- lazy-cache@1.0.4
42 silly idealTree +-- loader-utils@0.2.17
42 silly idealTree | `-- object-assign@4.1.1
42 silly idealTree +-- lodash-es@4.17.4
42 silly idealTree +-- lodash@3.10.1
42 silly idealTree +-- longest@1.0.1
42 silly idealTree +-- loose-envify@1.3.1
42 silly idealTree +-- media-typer@0.3.0
42 silly idealTree +-- memory-fs@0.3.0
42 silly idealTree +-- merge-descriptors@1.0.1
42 silly idealTree +-- methods@1.1.2
42 silly idealTree +-- micromatch@2.3.11
42 silly idealTree +-- mime-db@1.27.0
42 silly idealTree +-- mime-types@2.1.15
42 silly idealTree +-- mime@1.3.4
42 silly idealTree +-- minimatch@3.0.4
42 silly idealTree +-- minimist@0.0.8
42 silly idealTree +-- mkdirp@0.5.1
42 silly idealTree +-- ms@2.0.0
42 silly idealTree +-- negotiator@0.6.1
42 silly idealTree +-- node-fetch@1.7.0
42 silly idealTree +-- node-libs-browser@0.7.0
42 silly idealTree | `-- string_decoder@0.10.31
42 silly idealTree +-- normalize-path@2.1.1
42 silly idealTree +-- number-is-nan@1.0.1
42 silly idealTree +-- object-assign@2.1.1
42 silly idealTree +-- object.omit@2.0.1
42 silly idealTree +-- on-finished@2.3.0
42 silly idealTree +-- on-headers@1.0.1
42 silly idealTree +-- once@1.4.0
42 silly idealTree +-- open@0.0.5
42 silly idealTree +-- optimist@0.6.1
42 silly idealTree +-- original@1.0.0
42 silly idealTree | `-- url-parse@1.0.5
42 silly idealTree +-- os-browserify@0.2.1
42 silly idealTree +-- os-homedir@1.0.2
42 silly idealTree +-- os-tmpdir@1.0.2
42 silly idealTree +-- pako@0.2.9
42 silly idealTree +-- parse-glob@3.0.4
42 silly idealTree +-- parseurl@1.3.1
42 silly idealTree +-- path-browserify@0.0.0
42 silly idealTree +-- path-exists@2.1.0
42 silly idealTree +-- path-is-absolute@1.0.1
42 silly idealTree +-- path-to-regexp@0.1.7
42 silly idealTree +-- pbkdf2-compat@2.0.1
42 silly idealTree +-- pinkie-promise@2.0.1
42 silly idealTree +-- pinkie@2.0.4
42 silly idealTree +-- pkg-dir@1.0.0
42 silly idealTree +-- preserve@0.2.0
42 silly idealTree +-- private@0.1.7
42 silly idealTree +-- process-nextick-args@1.0.7
42 silly idealTree +-- process@0.11.10
42 silly idealTree +-- promise@7.1.1
42 silly idealTree +-- prop-types@15.5.10
42 silly idealTree | +-- core-js@1.2.7
42 silly idealTree | +-- fbjs@0.8.12
42 silly idealTree | `-- object-assign@4.1.1
42 silly idealTree +-- proxy-addr@1.1.4
42 silly idealTree +-- prr@0.0.0
42 silly idealTree +-- punycode@1.4.1
42 silly idealTree +-- q@1.5.0
42 silly idealTree +-- qs@6.4.0
42 silly idealTree +-- querystring-es3@0.2.1
42 silly idealTree +-- querystring@0.2.0
42 silly idealTree +-- querystringify@0.0.4
42 silly idealTree +-- randomatic@1.1.6
42 silly idealTree +-- range-parser@1.2.0
42 silly idealTree +-- react-dom@0.14.9
42 silly idealTree +-- react-redux@4.4.8
42 silly idealTree | `-- lodash@4.17.4
42 silly idealTree +-- react@0.14.9
42 silly idealTree +-- readable-stream@2.2.9
42 silly idealTree +-- readdirp@2.1.0
42 silly idealTree +-- recast@0.11.23
42 silly idealTree | +-- esprima@3.1.3
42 silly idealTree | `-- source-map@0.5.6
42 silly idealTree +-- redux@3.6.0
42 silly idealTree | `-- lodash@4.17.4
42 silly idealTree +-- regenerate@1.3.2
42 silly idealTree +-- regenerator-runtime@0.10.5
42 silly idealTree +-- regenerator-transform@0.9.11
42 silly idealTree +-- regex-cache@0.4.3
42 silly idealTree +-- regexpu-core@2.0.0
42 silly idealTree +-- regjsgen@0.2.0
42 silly idealTree +-- regjsparser@0.1.5
42 silly idealTree | `-- jsesc@0.5.0
42 silly idealTree +-- remove-trailing-separator@1.0.1
42 silly idealTree +-- repeat-element@1.1.2
42 silly idealTree +-- repeat-string@1.6.1
42 silly idealTree +-- repeating@2.0.1
42 silly idealTree +-- requires-port@1.0.0
42 silly idealTree +-- right-align@0.1.3
42 silly idealTree +-- ripemd160@0.2.0
42 silly idealTree +-- safe-buffer@5.0.1
42 silly idealTree +-- send@0.15.3
42 silly idealTree | `-- debug@2.6.7
42 silly idealTree +-- serve-index@1.9.0
42 silly idealTree +-- serve-static@1.12.3
42 silly idealTree +-- set-immediate-shim@1.0.1
42 silly idealTree +-- setimmediate@1.0.5
42 silly idealTree +-- setprototypeof@1.0.3
42 silly idealTree +-- sha.js@2.2.6
42 silly idealTree +-- slash@1.0.0
42 silly idealTree +-- sockjs-client@1.1.4
42 silly idealTree | `-- faye-websocket@0.11.1
42 silly idealTree +-- sockjs@0.3.18
42 silly idealTree +-- source-list-map@0.1.8
42 silly idealTree +-- source-map-support@0.4.15
42 silly idealTree | `-- source-map@0.5.6
42 silly idealTree +-- source-map@0.4.4
42 silly idealTree +-- statuses@1.3.1
42 silly idealTree +-- stream-browserify@2.0.1
42 silly idealTree +-- stream-cache@0.0.2
42 silly idealTree +-- stream-http@2.7.1
42 silly idealTree +-- string_decoder@1.0.1
42 silly idealTree +-- strip-ansi@3.0.1
42 silly idealTree +-- supports-color@2.0.0
42 silly idealTree +-- symbol-observable@1.0.4
42 silly idealTree +-- tapable@0.1.10
42 silly idealTree +-- through@2.3.8
42 silly idealTree +-- timers-browserify@2.0.2
42 silly idealTree +-- to-arraybuffer@1.0.1
42 silly idealTree +-- to-fast-properties@1.0.3
42 silly idealTree +-- trim-right@1.0.1
42 silly idealTree +-- tty-browserify@0.0.0
42 silly idealTree +-- type-is@1.6.15
42 silly idealTree +-- ua-parser-js@0.7.12
42 silly idealTree +-- uglify-js@2.7.5
42 silly idealTree | +-- async@0.2.10
42 silly idealTree | `-- source-map@0.5.6
42 silly idealTree +-- uglify-to-browserify@1.0.2
42 silly idealTree +-- unpipe@1.0.0
42 silly idealTree +-- url-parse@1.1.9
42 silly idealTree | `-- querystringify@1.0.0
42 silly idealTree +-- url@0.11.0
42 silly idealTree | `-- punycode@1.3.2
42 silly idealTree +-- util-deprecate@1.0.2
42 silly idealTree +-- util@0.10.3
42 silly idealTree | `-- inherits@2.0.1
42 silly idealTree +-- utils-merge@1.0.0
42 silly idealTree +-- uuid@2.0.3
42 silly idealTree +-- vary@1.1.1
42 silly idealTree +-- vm-browserify@0.0.4
42 silly idealTree +-- watchpack@0.2.9
42 silly idealTree | `-- async@0.9.2
42 silly idealTree +-- webpack-core@0.6.9
42 silly idealTree +-- webpack-dev-middleware@1.10.2
42 silly idealTree | `-- memory-fs@0.4.1
42 silly idealTree +-- webpack-dev-server@1.16.5
42 silly idealTree | `-- supports-color@3.2.3
42 silly idealTree +-- webpack-hot-middleware@2.18.0
42 silly idealTree +-- webpack@1.15.0
42 silly idealTree | +-- acorn@3.3.0
42 silly idealTree | `-- supports-color@3.2.3
42 silly idealTree +-- websocket-driver@0.6.5
42 silly idealTree +-- websocket-extensions@0.1.1
42 silly idealTree +-- whatwg-fetch@0.9.0
42 silly idealTree +-- window-size@0.1.0
42 silly idealTree +-- wordwrap@0.0.3
42 silly idealTree +-- wrappy@1.0.2
42 silly idealTree +-- xtend@4.0.1
42 silly idealTree `-- yargs@3.10.0
43 silly generateActionsToTake Starting
44 silly install generateActionsToTake
45 silly generateActionsToTake Finishing
46 silly diffTrees action count 0
47 silly decomposeActions action count 0
48 silly runTopLevelLifecycles Starting
49 silly install runPreinstallTopLevelLifecycles
50 silly preinstall HelloReactServer@1.0.0 C:\Users\chu01\Desktop\L4_CreateAnAction\Finished\HelloReactServer-e17a8921
51 info lifecycle HelloReactServer@1.0.0~preinstall: HelloReactServer@1.0.0
52 silly lifecycle HelloReactServer@1.0.0~preinstall: no script for preinstall, continuing
53 silly executeActions Starting
54 silly install executeActions
55 silly doSerial global-install 0
56 silly doParallel fetch 0
57 verbose correctMkdir C:\Users\chu01\AppData\Roaming\npm-cache\_locks correctMkdir not in flight; initializing
58 verbose lock using C:\Users\chu01\AppData\Roaming\npm-cache\_locks\staging-9bf016420156ba35.lock for C:\Users\chu01\Desktop\L4_CreateAnAction\Finished\node_modules\.staging
59 silly doParallel extract 0
60 silly doParallel preinstall 0
61 silly doReverseSerial remove 0
62 silly doSerial move 0
63 silly doSerial finalize 0
64 silly doSerial build 0
65 silly doSerial global-link 0
66 silly doParallel update-linked 0
67 silly doSerial install 0
68 silly doSerial postinstall 0
69 verbose unlock done using C:\Users\chu01\AppData\Roaming\npm-cache\_locks\staging-9bf016420156ba35.lock for C:\Users\chu01\Desktop\L4_CreateAnAction\Finished\node_modules\.staging
70 silly executeActions Finishing
71 silly rollbackFailedOptional Starting
72 silly rollbackFailedOptional Finishing
73 silly install runPostinstallTopLevelLifecycles
74 silly build HelloReactServer@1.0.0
75 info linkStuff HelloReactServer@1.0.0
76 silly linkStuff HelloReactServer@1.0.0 has C:\Users\chu01\Desktop\L4_CreateAnAction as its parent node_modules
77 verbose linkBins HelloReactServer@1.0.0
78 verbose linkMans HelloReactServer@1.0.0
79 silly install HelloReactServer@1.0.0 C:\Users\chu01\Desktop\L4_CreateAnAction\Finished\HelloReactServer-e17a8921
80 info lifecycle HelloReactServer@1.0.0~install: HelloReactServer@1.0.0
81 silly lifecycle HelloReactServer@1.0.0~install: no script for install, continuing
82 silly postinstall HelloReactServer@1.0.0 C:\Users\chu01\Desktop\L4_CreateAnAction\Finished\HelloReactServer-e17a8921
83 info lifecycle HelloReactServer@1.0.0~postinstall: HelloReactServer@1.0.0
84 verbose lifecycle HelloReactServer@1.0.0~postinstall: unsafe-perm in lifecycle true
85 verbose lifecycle HelloReactServer@1.0.0~postinstall: PATH: C:\Program Files\nodejs\node_modules\npm\bin\node-gyp-bin;C:\Users\chu01\Desktop\L4_CreateAnAction\Finished\node_modules\.bin;C:\Python27\;C:\Python27\Scripts;C:\Program Files (x86)\NVIDIA Corporation\PhysX\Common;C:\Program Files (x86)\Intel\iCLS Client\;C:\Program Files\Intel\iCLS Client\;C:\WINDOWS\system32;C:\WINDOWS;C:\WINDOWS\System32\Wbem;C:\WINDOWS\System32\WindowsPowerShell\v1.0\;C:\Program Files (x86)\Windows Live\Shared;C:\Program Files\Intel\Intel(R) Management Engine Components\DAL;C:\Program Files\Intel\Intel(R) Management Engine Components\IPT;C:\Program Files (x86)\Intel\Intel(R) Management Engine Components\DAL;C:\Program Files (x86)\Intel\Intel(R) Management Engine Components\IPT;C:\Program Files (x86)\Intel\OpenCL SDK\2.0\bin\x86;C:\Program Files (x86)\Intel\OpenCL SDK\2.0\bin\x64;C:\Program Files\Microsoft SQL Server\110\Tools\Binn\;C:\Program Files (x86)\Microsoft SDKs\TypeScript\1.0\;C:\Program Files\Microsoft SQL Server\120\Tools\Binn\;C:\Program Files\Common Files\Autodesk Shared\;C:\Program Files (x86)\Autodesk\Backburner\;C:\Program Files (x86)\QuickTime\QTSystem\;C:\WINDOWS\system32\config\systemprofile\.dnx\bin;C:\Program Files\Microsoft DNX\Dnvm\;C:\Program Files (x86)\Windows Kits\10\Windows Performance Toolkit\;C:\Program Files\Git\cmd;C:\Program Files (x86)\GtkSharp\2.12\bin;C:\Program Files\nodejs\;D:\Cocos\Cocos2d-x\cocos2d-x-3.10\templates;D:\Cocos\Cocos2d-x\cocos2d-x-3.10\tools\cocos2d-console\bin;D:\Cocos\Cocos2d-x;Cocos\Cocos2d-x\Cocos2d-x-3.10\tools\cocos2d-console\bin;cocos2dx3.10\templates;C:\AppServ\Apache2.2\bin;C:\AppServ\php5;C:\AppServ\MySQL\bin;C:\AppServ\Apache2.2\bin;C:\AppServ\php5;C:\AppServ\MySQL\bin;C:\AppServ\Apache2.2\bin;C:\AppServ\php5;C:\AppServ\MySQL\bin;C:\AppServ\Apache2.2\bin;C:\AppServ\php5;C:\AppServ\MySQL\bin;D:\Microsoft VS Code\bin;C:\Users\chu01\AppData\Roaming\npm
86 verbose lifecycle HelloReactServer@1.0.0~postinstall: CWD: C:\Users\chu01\Desktop\L4_CreateAnAction\Finished
87 silly lifecycle HelloReactServer@1.0.0~postinstall: Args: [ '/d /s /c', 'webpack -p --config webpack.prod.config.js' ]
88 silly lifecycle HelloReactServer@1.0.0~postinstall: Returned: code: 1  signal: null
89 info lifecycle HelloReactServer@1.0.0~postinstall: Failed to exec postinstall script
90 warn optional SKIPPING OPTIONAL DEPENDENCY: fsevents@^1.0.0 (node_modules\chokidar\node_modules\fsevents):
91 warn notsup SKIPPING OPTIONAL DEPENDENCY: Unsupported platform for fsevents@1.1.1: wanted {"os":"darwin","arch":"any"} (current: {"os":"win32","arch":"x64"})
92 verbose notsup SKIPPING OPTIONAL DEPENDENCY: Valid OS:    darwin
92 verbose notsup SKIPPING OPTIONAL DEPENDENCY: Valid Arch:  any
92 verbose notsup SKIPPING OPTIONAL DEPENDENCY: Actual OS:   win32
92 verbose notsup SKIPPING OPTIONAL DEPENDENCY: Actual Arch: x64
93 warn HelloReactServer@1.0.0 No description
94 verbose If you need help, you may report this error at:
94 verbose     <https://github.com/npm/npm/issues>
95 warn HelloReactServer@1.0.0 No repository field.
96 verbose If you need help, you may report this error at:
96 verbose     <https://github.com/npm/npm/issues>
97 verbose stack Error: HelloReactServer@1.0.0 postinstall: `webpack -p --config webpack.prod.config.js`
97 verbose stack Exit status 1
97 verbose stack     at EventEmitter.<anonymous> (C:\Program Files\nodejs\node_modules\npm\lib\utils\lifecycle.js:255:16)
97 verbose stack     at emitTwo (events.js:106:13)
97 verbose stack     at EventEmitter.emit (events.js:191:7)
97 verbose stack     at ChildProcess.<anonymous> (C:\Program Files\nodejs\node_modules\npm\lib\utils\spawn.js:40:14)
97 verbose stack     at emitTwo (events.js:106:13)
97 verbose stack     at ChildProcess.emit (events.js:191:7)
97 verbose stack     at maybeClose (internal/child_process.js:877:16)
97 verbose stack     at Process.ChildProcess._handle.onexit (internal/child_process.js:226:5)
98 verbose pkgid HelloReactServer@1.0.0
99 verbose cwd C:\Users\chu01\Desktop\L4_CreateAnAction\Finished
100 error Windows_NT 6.3.9600
101 error argv "C:\\Program Files\\nodejs\\node.exe" "C:\\Program Files\\nodejs\\node_modules\\npm\\bin\\npm-cli.js" "i"
102 error node v6.10.0
103 error npm  v3.10.10
104 error code ELIFECYCLE
105 error HelloReactServer@1.0.0 postinstall: `webpack -p --config webpack.prod.config.js`
105 error Exit status 1
106 error Failed at the HelloReactServer@1.0.0 postinstall script 'webpack -p --config webpack.prod.config.js'.
106 error Make sure you have the latest version of node.js and npm installed.
106 error If you do, this is most likely a problem with the HelloReactServer package,
106 error not with npm itself.
106 error Tell the author that this fails on your system:
106 error     webpack -p --config webpack.prod.config.js
106 error You can get information on how to open an issue for this project with:
106 error     npm bugs HelloReactServer
106 error Or if that isn't available, you can get their info via:
106 error     npm owner ls HelloReactServer
106 error There is likely additional logging output above.
107 verbose exit [ 1, true ]
